0 info it worked if it ends with ok
1 verbose cli [ 'node', '/usr/local/bin/npm', 'run', 'build' ]
2 info using npm@1.4.28
3 info using node@v0.10.35
4 verbose run-script [ 'prebuild', 'build', 'postbuild' ]
5 info prebuild limb-forge@1.0.0
6 info build limb-forge@1.0.0
7 verbose unsafe-perm in lifecycle true
8 info limb-forge@1.0.0 Failed to exec build script
9 error limb-forge@1.0.0 build: `node_modules/node-sass/bin/node-sass --output-style compressed scss/main.scss css/main.css`
9 error Exit status 8
10 error Failed at the limb-forge@1.0.0 build script.
10 error This is most likely a problem with the limb-forge package,
10 error not with npm itself.
10 error Tell the author that this fails on your system:
10 error     node_modules/node-sass/bin/node-sass --output-style compressed scss/main.scss css/main.css
10 error You can get their info via:
10 error     npm owner ls limb-forge
10 error There is likely additional logging output above.
11 error System Darwin 14.5.0
12 error command "node" "/usr/local/bin/npm" "run" "build"
13 error cwd /Users/andreasbastian/Dropbox/e-NABLE/LimbForge
14 error node -v v0.10.35
15 error npm -v 1.4.28
16 error code ELIFECYCLE
17 verbose exit [ 1, true ]
